Flow report for cronometro
Wed Jun 16 18:54:14 2021
Quartus Prime Version 17.1.0 Build 590 10/25/2017 SJ Lite Edition


---------------------
; Table of Contents ;
---------------------
  1. Legal Notice
  2. Flow Summary
  3. Flow Settings
  4. Flow Non-Default Global Settings
  5. Flow Elapsed Time
  6. Flow OS Summary
  7. Flow Log
  8. Flow Messages
  9. Flow Suppressed Messages



----------------
; Legal Notice ;
----------------
Copyright (C) 2017  Intel Corporation. All rights reserved.
Your use of Intel Corporation's design tools, logic functions 
and other software and tools, and its AMPP partner logic 
functions, and any output files from any of the foregoing 
(including device programming or simulation files), and any 
associated documentation or information are expressly subject 
to the terms and conditions of the Intel Program License 
Subscription Agreement, the Intel Quartus Prime License Agreement,
the Intel FPGA IP License Agreement, or other applicable license
agreement, including, without limitation, that your use is for
the sole purpose of programming logic devices manufactured by
Intel and sold by Intel or its authorized distributors.  Please
refer to the applicable agreement for further details.



+----------------------------------------------------------------------------------+
; Flow Summary                                                                     ;
+------------------------------------+---------------------------------------------+
; Flow Status                        ; Successful - Wed Jun 16 18:54:14 2021       ;
; Quartus Prime Version              ; 17.1.0 Build 590 10/25/2017 SJ Lite Edition ;
; Revision Name                      ; cronometro                                  ;
; Top-level Entity Name              ; ChronometerTop                              ;
; Family                             ; Cyclone IV E                                ;
; Device                             ; EP4CE115F29C7                               ;
; Timing Models                      ; Final                                       ;
; Total logic elements               ; 1,595 / 114,480 ( 1 % )                     ;
;     Total combinational functions  ; 1,544 / 114,480 ( 1 % )                     ;
;     Dedicated logic registers      ; 206 / 114,480 ( < 1 % )                     ;
; Total registers                    ; 206                                         ;
; Total pins                         ; 97 / 529 ( 18 % )                           ;
; Total virtual pins                 ; 0                                           ;
; Total memory bits                  ; 0 / 3,981,312 ( 0 % )                       ;
; Embedded Multiplier 9-bit elements ; 0 / 532 ( 0 % )                             ;
; Total PLLs                         ; 0 / 4 ( 0 % )                               ;
+------------------------------------+---------------------------------------------+


+-----------------------------------------+
; Flow Settings                           ;
+-------------------+---------------------+
; Option            ; Setting             ;
+-------------------+---------------------+
; Start date & time ; 06/16/2021 18:53:33 ;
; Main task         ; Compilation         ;
; Revision Name     ; cronometro          ;
+-------------------+---------------------+


+--------------------------------------------------------------------------------------------------------------------------------+
; Flow Non-Default Global Settings                                                                                               ;
+-------------------------------------+----------------------------------------+---------------+----------------+----------------+
; Assignment Name                     ; Value                                  ; Default Value ; Entity Name    ; Section Id     ;
+-------------------------------------+----------------------------------------+---------------+----------------+----------------+
; COMPILER_SIGNATURE_ID               ; 10995770589187.162386601304552         ; --            ; --             ; --             ;
; EDA_OUTPUT_DATA_FORMAT              ; Vhdl                                   ; --            ; --             ; eda_simulation ;
; EDA_SIMULATION_TOOL                 ; ModelSim-Altera (VHDL)                 ; <None>        ; --             ; --             ;
; EDA_TIME_SCALE                      ; 1 ps                                   ; --            ; --             ; eda_simulation ;
; MAX_CORE_JUNCTION_TEMP              ; 85                                     ; --            ; --             ; --             ;
; MIN_CORE_JUNCTION_TEMP              ; 0                                      ; --            ; --             ; --             ;
; NOMINAL_CORE_SUPPLY_VOLTAGE         ; 1.2V                                   ; --            ; --             ; --             ;
; PARTITION_COLOR                     ; -- (Not supported for targeted family) ; --            ; ChronometerTop ; Top            ;
; PARTITION_FITTER_PRESERVATION_LEVEL ; -- (Not supported for targeted family) ; --            ; ChronometerTop ; Top            ;
; PARTITION_NETLIST_TYPE              ; -- (Not supported for targeted family) ; --            ; ChronometerTop ; Top            ;
; POWER_BOARD_THERMAL_MODEL           ; None (CONSERVATIVE)                    ; --            ; --             ; --             ;
; POWER_PRESET_COOLING_SOLUTION       ; 23 MM HEAT SINK WITH 200 LFPM AIRFLOW  ; --            ; --             ; --             ;
; PROJECT_OUTPUT_DIRECTORY            ; output_files                           ; --            ; --             ; --             ;
; TOP_LEVEL_ENTITY                    ; ChronometerTop                         ; cronometro    ; --             ; --             ;
+-------------------------------------+----------------------------------------+---------------+----------------+----------------+


+-------------------------------------------------------------------------------------------------------------------------------+
; Flow Elapsed Time                                                                                                             ;
+---------------------------+--------------+-------------------------+---------------------+------------------------------------+
; Module Name               ; Elapsed Time ; Average Processors Used ; Peak Virtual Memory ; Total CPU Time (on all processors) ;
+---------------------------+--------------+-------------------------+---------------------+------------------------------------+
; Analysis & Synthesis      ; 00:00:12     ; 1.0                     ; 4831 MB             ; 00:00:23                           ;
; Fitter                    ; 00:00:18     ; 1.0                     ; 5849 MB             ; 00:00:34                           ;
; Assembler                 ; 00:00:03     ; 1.0                     ; 4685 MB             ; 00:00:03                           ;
; TimeQuest Timing Analyzer ; 00:00:03     ; 1.2                     ; 4874 MB             ; 00:00:03                           ;
; EDA Netlist Writer        ; 00:00:02     ; 1.0                     ; 4663 MB             ; 00:00:02                           ;
; Total                     ; 00:00:38     ; --                      ; --                  ; 00:01:05                           ;
+---------------------------+--------------+-------------------------+---------------------+------------------------------------+


+-----------------------------------------------------------------------------------------+
; Flow OS Summary                                                                         ;
+---------------------------+------------------+------------+------------+----------------+
; Module Name               ; Machine Hostname ; OS Name    ; OS Version ; Processor type ;
+---------------------------+------------------+------------+------------+----------------+
; Analysis & Synthesis      ; DESKTOP-FKJRH56  ; Windows 10 ; 10.0       ; x86_64         ;
; Fitter                    ; DESKTOP-FKJRH56  ; Windows 10 ; 10.0       ; x86_64         ;
; Assembler                 ; DESKTOP-FKJRH56  ; Windows 10 ; 10.0       ; x86_64         ;
; TimeQuest Timing Analyzer ; DESKTOP-FKJRH56  ; Windows 10 ; 10.0       ; x86_64         ;
; EDA Netlist Writer        ; DESKTOP-FKJRH56  ; Windows 10 ; 10.0       ; x86_64         ;
+---------------------------+------------------+------------+------------+----------------+


------------
; Flow Log ;
------------
quartus_map --read_settings_files=on --write_settings_files=off cronometro -c cronometro
quartus_fit --read_settings_files=off --write_settings_files=off cronometro -c cronometro
quartus_asm --read_settings_files=off --write_settings_files=off cronometro -c cronometro
quartus_sta cronometro -c cronometro
quartus_eda --read_settings_files=off --write_settings_files=off cronometro -c cronometro



